[debug] [2025-07-15T20:43:19.684Z] ----------------------------------------------------------------------
[debug] [2025-07-15T20:43:19.687Z] Command:       /Users/Bobbieberry/.nvm/versions/node/v18.20.8/bin/node /Users/Bobbieberry/.nvm/versions/node/v18.20.8/bin/firebase init
[debug] [2025-07-15T20:43:19.688Z] CLI Version:   13.35.1
[debug] [2025-07-15T20:43:19.688Z] Platform:      darwin
[debug] [2025-07-15T20:43:19.689Z] Node Version:  v18.20.8
[debug] [2025-07-15T20:43:19.691Z] Time:          Tue Jul 15 2025 21:43:19 GMT+0100 (West Africa Standard Time)
[debug] [2025-07-15T20:43:19.691Z] ----------------------------------------------------------------------
[debug] 
[debug] [2025-07-15T20:43:19.696Z] >>> [apiv2][query] GET https://firebase-public.firebaseio.com/cli.json [none]
[debug] [2025-07-15T20:43:20.129Z] > command requires scopes: ["email","openid","https://www.googleapis.com/auth/cloudplatformprojects.readonly","https://www.googleapis.com/auth/firebase","https://www.googleapis.com/auth/cloud-platform"]
[debug] [2025-07-15T20:43:20.129Z] > authorizing via signed-in user (miraclechukwudi@gmail.com)
[info] 
     ######## #### ########  ######## ########     ###     ######  ########
     ##        ##  ##     ## ##       ##     ##  ##   ##  ##       ##
     ######    ##  ########  ######   ########  #########  ######  ######
     ##        ##  ##    ##  ##       ##     ## ##     ##       ## ##
     ##       #### ##     ## ######## ########  ##     ##  ######  ########

You're about to initialize a Firebase project in this directory:

  /Users/Bobbieberry/Desktop/web-project/rentory/rentory

Before we get started, keep in mind:

  * You are initializing within an existing Firebase project directory

[debug] [2025-07-15T20:43:21.673Z] <<< [apiv2][status] GET https://firebase-public.firebaseio.com/cli.json 200
[debug] [2025-07-15T20:43:21.673Z] <<< [apiv2][body] GET https://firebase-public.firebaseio.com/cli.json {"cloudBuildErrorAfter":1594252800000,"cloudBuildWarnAfter":1590019200000,"defaultNode10After":1594252800000,"minVersion":"3.0.5","node8DeploysDisabledAfter":1613390400000,"node8RuntimeDisabledAfter":1615809600000,"node8WarnAfter":1600128000000}
